[0.005s] Invoking command in '/home/dgist/catkin_ws/src/rslidar_sdk/build/rslidar_sdk': CMAKE_PREFIX_PATH=/opt/ros/humble /usr/bin/cmake /home/dgist/catkin_ws/src/rslidar_sdk -DCMAKE_INSTALL_PREFIX=/home/dgist/catkin_ws/src/rslidar_sdk/install/rslidar_sdk
[0.060s] -- The C compiler identification is GNU 11.4.0
[0.101s] -- The CXX compiler identification is GNU 11.4.0
[0.107s] -- Detecting C compiler ABI info
[0.139s] -- Detecting C compiler ABI info - done
[0.142s] -- Check for working C compiler: /usr/bin/cc - skipped
[0.142s] -- Detecting C compile features
[0.143s] -- Detecting C compile features - done
[0.144s] -- Detecting CXX compiler ABI info
[0.179s] -- Detecting CXX compiler ABI info - done
[0.182s] -- Check for working CXX compiler: /usr/bin/c++ - skipped
[0.182s] -- Detecting CXX compile features
[0.183s] -- Detecting CXX compile features - done
[0.183s] [0m=============================================================[0m
[0.183s] [0m-- POINT_TYPE is XYZI[0m
[0.183s] [0m=============================================================[0m
[0.188s] [0m=============================================================[0m
[0.188s] [0m-- ROS Not Found. ROS Support is turned Off.[0m
[0.188s] [0m=============================================================[0m
[0.340s] -- Found Python3: /usr/bin/python3 (found version "3.10.12") found components: Interpreter 
[0.430s] -- Found rosidl_generator_c: 3.1.5 (/opt/ros/humble/share/rosidl_generator_c/cmake)
[0.433s] -- Found rosidl_adapter: 3.1.5 (/opt/ros/humble/share/rosidl_adapter/cmake)
[0.439s] -- Found rosidl_generator_cpp: 3.1.5 (/opt/ros/humble/share/rosidl_generator_cpp/cmake)
[0.448s] -- Using all available rosidl_typesupport_c: rosidl_typesupport_fastrtps_c;rosidl_typesupport_introspection_c
[0.459s] -- Using all available rosidl_typesupport_cpp: rosidl_typesupport_fastrtps_cpp;rosidl_typesupport_introspection_cpp
[0.499s] -- Found rmw_implementation_cmake: 6.1.1 (/opt/ros/humble/share/rmw_implementation_cmake/cmake)
[0.501s] -- Found rmw_cyclonedds_cpp: 1.3.4 (/opt/ros/humble/share/rmw_cyclonedds_cpp/cmake)
[0.521s] -- Using RMW implementation 'rmw_cyclonedds_cpp' as default
[0.527s] -- Looking for pthread.h
[0.564s] -- Looking for pthread.h - found
[0.564s] -- Performing Test CMAKE_HAVE_LIBC_PTHREAD
[0.594s] -- Performing Test CMAKE_HAVE_LIBC_PTHREAD - Success
[0.595s] -- Found Threads: TRUE  
[0.675s] [0m=============================================================[0m
[0.675s] [0m-- ROS2 Found. ROS2 Support is turned On.[0m
[0.675s] [0m=============================================================[0m
[0.676s] -- Found sensor_msgs: 4.2.3 (/opt/ros/humble/share/sensor_msgs/cmake)
[0.742s] [31mCMake Error at CMakeLists.txt:139 (find_package):
[0.742s]   By not providing "Findrslidar_msg.cmake" in CMAKE_MODULE_PATH this project
[0.742s]   has asked CMake to find a package configuration file provided by
[0.742s]   "rslidar_msg", but CMake did not find one.
[0.742s] 
[0.742s]   Could not find a package configuration file provided by "rslidar_msg" with
[0.742s]   any of the following names:
[0.742s] 
[0.742s]     rslidar_msgConfig.cmake
[0.742s]     rslidar_msg-config.cmake
[0.742s] 
[0.742s]   Add the installation prefix of "rslidar_msg" to CMAKE_PREFIX_PATH or set
[0.742s]   "rslidar_msg_DIR" to a directory containing one of the above files.  If
[0.742s]   "rslidar_msg" provides a separate development package or SDK, be sure it
[0.742s]   has been installed.
[0.742s] 
[0.742s] [0m
[0.742s] -- Configuring incomplete, errors occurred!
[0.742s] See also "/home/dgist/catkin_ws/src/rslidar_sdk/build/rslidar_sdk/CMakeFiles/CMakeOutput.log".
[0.746s] Invoked command in '/home/dgist/catkin_ws/src/rslidar_sdk/build/rslidar_sdk' returned '1': CMAKE_PREFIX_PATH=/opt/ros/humble /usr/bin/cmake /home/dgist/catkin_ws/src/rslidar_sdk -DCMAKE_INSTALL_PREFIX=/home/dgist/catkin_ws/src/rslidar_sdk/install/rslidar_sdk
